<?xml version="1.0" encoding="UTF-8"?>
<testsuites tests="3" failures="0" disabled="3" errors="0" time="0" timestamp="2022-03-28T04:54:39.171" name="AllTests">
  <testsuite name="RecoveryTest" tests="3" failures="0" disabled="3" skipped="0" errors="0" time="0" timestamp="1970-01-01T02:00:00.000">
    <testcase name="DISABLED_RedoTest" file="/home/sasa/bustub/test/recovery/recovery_test.cpp" line="46" status="notrun" result="suppressed" time="0" timestamp="1970-01-01T02:00:00.000" classname="RecoveryTest" />
    <testcase name="DISABLED_UndoTest" file="/home/sasa/bustub/test/recovery/recovery_test.cpp" line="135" status="notrun" result="suppressed" time="0" timestamp="1970-01-01T02:00:00.000" classname="RecoveryTest" />
    <testcase name="DISABLED_CheckpointTest" file="/home/sasa/bustub/test/recovery/recovery_test.cpp" line="214" status="notrun" result="suppressed" time="0" timestamp="1970-01-01T02:00:00.000" classname="RecoveryTest" />
  </testsuite>
</testsuites>
